<?xml version="1.0" encoding="UTF-8"?>
<testsuite xmlns:xsi="http://www.w3.org/2001/XMLSchema-instance" xsi:noNamespaceSchemaLocation="https://maven.apache.org/surefire/maven-surefire-plugin/xsd/surefire-test-report.xsd" version="3.0.2" name="Login Test Cases" time="4.293" tests="1" errors="0" skipped="0" failures="0">
  <properties>
[...]
</properties>
  <testcase name="" classname="Login Test Cases" time="4.203">
    <system-out><![CDATA[
&amp#27;[1mScenario:&amp#27;[22m                                                           &amp#27;[90m# Features/LoginFeature.feature:3&amp#27;[39m
  &amp#27;[32mâœ”&amp#27;[39m &amp#27;[32m&amp#27;[1mGiven &amp#27;[22muser launch the application&amp#27;[39m                               &amp#27;[90m# com.cucumber.steps.Steps.user_launch_the_application()&amp#27;[39m
  &amp#27;[32mâœ”&amp#27;[39m &amp#27;[32m&amp#27;[1mGiven &amp#27;[22muser is on &amp#27;[1m"LoginPage"&amp#27;[22m&amp#27;[39m                                    &amp#27;[90m# com.cucumber.steps.Steps.user_is_on(java.lang.String)&amp#27;[39m
  &amp#27;[32mâœ”&amp#27;[39m &amp#27;[32m&amp#27;[1mWhen &amp#27;[22muser enter into textbox &amp#27;[1m"username"&amp#27;[22m &amp#27;[1m"admin123@gmail.com"&amp#27;[22m&amp#27;[39m    &amp#27;[90m# com.cucumber.steps.Steps.user_enter_into_textbox(java.lang.String,java.lang.String)&amp#27;[39m
  &amp#27;[32mâœ”&amp#27;[39m &amp#27;[32m&amp#27;[1mWhen &amp#27;[22muser enter into textbox &amp#27;[1m"password"&amp#27;[22m &amp#27;[1m"admin123"&amp#27;[22m&amp#27;[39m              &amp#27;[90m# com.cucumber.steps.Steps.user_enter_into_textbox(java.lang.String,java.lang.String)&amp#27;[39m
  &amp#27;[32mâœ”&amp#27;[39m &amp#27;[32m&amp#27;[1mThen &amp#27;[22muser click on login Button &amp#27;[1m"login"&amp#27;[22m&amp#27;[39m                         &amp#27;[90m# com.cucumber.steps.Steps.user_click_on_login_button(java.lang.String)&amp#27;[39m
  &amp#27;[32mâœ”&amp#27;[39m &amp#27;[32m&amp#27;[1mGiven &amp#27;[22muser is on &amp#27;[1m"HomePage"&amp#27;[22m&amp#27;[39m                                     &amp#27;[90m# com.cucumber.steps.Steps.user_is_on(java.lang.String)&amp#27;[39m
  &amp#27;[32mâœ”&amp#27;[39m &amp#27;[32m&amp#27;[1mThen &amp#27;[22muser click on Button &amp#27;[1m"Home"&amp#27;[22m&amp#27;[39m                                &amp#27;[90m# com.cucumber.steps.Steps.user_click_on_button(java.lang.String)&amp#27;[39m
  &amp#27;[32mâœ”&amp#27;[39m &amp#27;[32m&amp#27;[1mWhen &amp#27;[22muser enter name into textbox &amp#27;[1m"name"&amp#27;[22m &amp#27;[1m"ABC"&amp#27;[22m&amp#27;[39m                  &amp#27;[90m# com.cucumber.steps.Steps.user_enter_name_into_textbox(java.lang.String,java.lang.String)&amp#27;[39m
  &amp#27;[32mâœ”&amp#27;[39m &amp#27;[32m&amp#27;[1mWhen &amp#27;[22muser enter name into textbox &amp#27;[1m"lastname"&amp#27;[22m &amp#27;[1m"XYZ"&amp#27;[22m&amp#27;[39m              &amp#27;[90m# com.cucumber.steps.Steps.user_enter_name_into_textbox(java.lang.String,java.lang.String)&amp#27;[39m
  &amp#27;[32mâœ”&amp#27;[39m &amp#27;[32m&amp#27;[1mThen &amp#27;[22muser click on radiobutton &amp#27;[1m"Female"&amp#27;[22m&amp#27;[39m                         &amp#27;[90m# com.cucumber.steps.Steps.user_click_on_radiobutton(java.lang.String)&amp#27;[39m
  &amp#27;[32mâœ”&amp#27;[39m &amp#27;[32m&amp#27;[1mThen &amp#27;[22muser verify the text &amp#27;[1m"Heading"&amp#27;[22m &amp#27;[1m"Student Registration Form"&amp#27;[22m&amp#27;[39m &amp#27;[90m# com.cucumber.steps.Steps.user_verify_the_text(java.lang.String,java.lang.String)&amp#27;[39m

        &amp#27;[34mEmbedding  [image/png 55281 bytes]&amp#27;[39m

]]></system-out>
    <system-err><![CDATA[SLF4J(W): No SLF4J providers were found.
SLF4J(W): Defaulting to no-operation (NOP) logger implementation
SLF4J(W): See https://www.slf4j.org/codes.html#noProviders for further details.
Starting ChromeDriver 142.0.7444.175 (302067f14a4ea3f42001580e6101fa25ed343445-refs/branch-heads/7444@{#2749}) on port 26576
Only local connections are allowed.
Please see https://chromedriver.chromium.org/security-considerations for suggestions on keeping ChromeDriver safe.
ChromeDriver was started successfully on port 26576.
Dec 04, 2025 10:49:11 AM org.openqa.selenium.remote.ProtocolHandshake createSession
INFO: Detected dialect: W3C
]]></system-err>
  </testcase>
</testsuite>